  SLS-Slicer.cpp
d:\tvasta\sls-slicer\sls-slicer\sls-slicer\initialisation.h(46): warning C4244: '=': conversion from 'double' to 'float', possible loss of data
d:\tvasta\sls-slicer\sls-slicer\sls-slicer\initialisation.h(49): warning C4244: '=': conversion from 'double' to 'float', possible loss of data
d:\tvasta\sls-slicer\sls-slicer\sls-slicer\initialisation.h(55): warning C4244: '=': conversion from 'double' to 'float', possible loss of data
d:\tvasta\sls-slicer\sls-slicer\sls-slicer\initialisation.h(58): warning C4244: '=': conversion from 'double' to 'float', possible loss of data
d:\tvasta\sls-slicer\sls-slicer\sls-slicer\initialisation.h(61): warning C4244: '=': conversion from 'double' to 'float', possible loss of data
d:\tvasta\sls-slicer\sls-slicer\sls-slicer\initialisation.h(64): warning C4244: '=': conversion from 'double' to 'float', possible loss of data
d:\tvasta\sls-slicer\sls-slicer\sls-slicer\initialisation.h(67): warning C4244: '=': conversion from 'double' to 'float', possible loss of data
d:\tvasta\sls-slicer\sls-slicer\sls-slicer\initialisation.h(70): warning C4244: '=': conversion from 'double' to 'float', possible loss of data
d:\tvasta\sls-slicer\sls-slicer\sls-slicer\initialisation.h(73): warning C4244: '=': conversion from 'double' to 'float', possible loss of data
d:\tvasta\sls-slicer\sls-slicer\sls-slicer\stlparser.h(188): warning C4244: '+=': conversion from 'double' to 'int', possible loss of data
d:\tvasta\sls-slicer\sls-slicer\sls-slicer\stlparser.h(212): warning C4244: '+=': conversion from 'double' to 'float', possible loss of data
d:\tvasta\sls-slicer\sls-slicer\sls-slicer\stlparser.h(220): warning C4244: '+=': conversion from 'double' to 'float', possible loss of data
d:\tvasta\sls-slicer\sls-slicer\sls-slicer\stlparser.h(224): warning C4244: '+=': conversion from 'double' to 'float', possible loss of data
d:\tvasta\sls-slicer\sls-slicer\sls-slicer\stlparser.h(228): warning C4244: '+=': conversion from 'double' to 'float', possible loss of data
d:\tvasta\sls-slicer\sls-slicer\sls-slicer\stlparser.h(233): warning C4244: '=': conversion from 'double' to 'float', possible loss of data
d:\tvasta\sls-slicer\sls-slicer\sls-slicer\stlparser.h(235): warning C4244: '=': conversion from 'double' to 'float', possible loss of data
d:\tvasta\sls-slicer\sls-slicer\sls-slicer\globalvariables.h(9): warning C4305: 'initializing': truncation from 'double' to 'float'
d:\tvasta\sls-slicer\sls-slicer\sls-slicer\globalvariables.h(11): warning C4305: 'initializing': truncation from 'double' to 'float'
d:\tvasta\sls-slicer\sls-slicer\sls-slicer\polygonoperations.h(360): warning C4551: function call missing argument list
d:\tvasta\sls-slicer\sls-slicer\sls-slicer\polygonoperations.h(383): warning C4244: 'argument': conversion from 'float' to 'ClipperLib::cInt', possible loss of data
d:\tvasta\sls-slicer\sls-slicer\sls-slicer\polygonoperations.h(385): warning C4244: 'argument': conversion from 'float' to 'ClipperLib::cInt', possible loss of data
d:\tvasta\sls-slicer\sls-slicer\sls-slicer\polygonoperations.h(403): warning C4244: 'argument': conversion from 'float' to 'ClipperLib::cInt', possible loss of data
d:\tvasta\sls-slicer\sls-slicer\sls-slicer\polygonoperations.h(405): warning C4244: 'argument': conversion from 'float' to 'ClipperLib::cInt', possible loss of data
d:\tvasta\sls-slicer\sls-slicer\sls-slicer\polygonoperations.h(424): warning C4244: 'argument': conversion from 'float' to 'ClipperLib::cInt', possible loss of data
d:\tvasta\sls-slicer\sls-slicer\sls-slicer\polygonoperations.h(437): warning C4244: 'argument': conversion from 'float' to 'ClipperLib::cInt', possible loss of data
d:\tvasta\sls-slicer\sls-slicer\sls-slicer\polygonoperations.h(455): warning C4267: 'initializing': conversion from 'size_t' to 'int', possible loss of data
d:\tvasta\sls-slicer\sls-slicer\sls-slicer\polygonoperations.h(486): warning C4244: 'argument': conversion from 'float' to 'ClipperLib::cInt', possible loss of data
d:\tvasta\sls-slicer\sls-slicer\sls-slicer\polygonoperations.h(500): warning C4267: 'initializing': conversion from 'size_t' to 'int', possible loss of data
d:\tvasta\sls-slicer\sls-slicer\sls-slicer\sortingfunctions.h(24): warning C4267: 'initializing': conversion from 'size_t' to 'int', possible loss of data
d:\tvasta\sls-slicer\sls-slicer\sls-slicer\sortingfunctions.h(108): warning C4244: 'argument': conversion from 'float' to 'ClipperLib::cInt', possible loss of data
d:\tvasta\sls-slicer\sls-slicer\sls-slicer\sortingfunctions.h(157): warning C4244: 'argument': conversion from 'float' to 'ClipperLib::cInt', possible loss of data
d:\tvasta\sls-slicer\sls-slicer\sls-slicer\sortingfunctions.h(158): warning C4244: 'argument': conversion from 'float' to 'ClipperLib::cInt', possible loss of data
d:\tvasta\sls-slicer\sls-slicer\sls-slicer\infill.h(371): warning C4267: 'initializing': conversion from 'size_t' to 'int', possible loss of data
d:\tvasta\sls-slicer\sls-slicer\sls-slicer\infill.h(386): warning C4267: '=': conversion from 'size_t' to 'int', possible loss of data
d:\tvasta\sls-slicer\sls-slicer\sls-slicer\perimeter.h(160): warning C4305: 'argument': truncation from 'double' to 'const float'
d:\tvasta\sls-slicer\sls-slicer\sls-slicer\perimeter.h(164): warning C4305: 'argument': truncation from 'double' to 'float'
d:\tvasta\sls-slicer\sls-slicer\sls-slicer\perimeter.h(215): warning C4244: 'argument': conversion from 'float' to 'ClipperLib::cInt', possible loss of data
d:\tvasta\sls-slicer\sls-slicer\sls-slicer\perimeter.h(226): warning C4101: 'siz': unreferenced local variable
d:\tvasta\sls-slicer\sls-slicer\sls-slicer\perimeter.h(258): warning C4267: 'initializing': conversion from 'size_t' to 'int', possible loss of data
  Generating code
  2 of 2460 functions (<0.1%) were compiled, the rest were copied from previous compilation.
    0 functions were new in current compilation
    1 functions had inline decision re-evaluated but remain unchanged
  Finished generating code
  SLS-Slicer.vcxproj -> D:\Tvasta\SLS-Slicer\SLS-Slicer\x64\Release\SLS-Slicer.exe
